# JRE version: OpenJDK Runtime Environment Corretto-17.0.14.7.1 (17.0.14+7) (build 17.0.14+7-LTS)
# Java VM: OpenJDK 64-Bit Server VM Corretto-17.0.14.7.1 (17.0.14+7-LTS, mixed mode, emulated-client, sharing, tiered, compressed oops, compressed class ptrs, g1 gc, windows-amd64)
GC Precious Log:
 CPUs: 4 total, 4 available
 Memory: 8025M
 Large Page Support: Disabled
 NUMA Support: Disabled
 Compressed Oops: Enabled (32-bit)
 Heap Region Size: 1M
 Heap Min Capacity: 8M
 Heap Initial Capacity: 126M
 Heap Max Capacity: 2008M
 Pre-touch: Disabled
 Parallel Workers: 4
 Concurrent Workers: 1
 Concurrent Refinement Workers: 4
 Periodic GC: Disabled
Heap:
 garbage-first heap   total 112640K, used 47595K [0x0000000082800000, 0x0000000100000000)
  region size 1024K, 2 young (2048K), 2 survivors (2048K)
 Metaspace       used 78148K, committed 78848K, reserved 1179648K
  class space    used 11549K, committed 11904K, reserved 1048576K
GC Heap History (20 events):
Event: 8.669 GC heap after
{Heap after GC invocations=15 (full 0):
 garbage-first heap   total 66560K, used 30156K [0x0000000082800000, 0x0000000100000000)
  region size 1024K, 1 young (1024K), 1 survivors (1024K)
 Metaspace       used 39170K, committed 39552K, reserved 1114112K
  class space    used 5646K, committed 5824K, reserved 1048576K
}
Event: 9.004 GC heap before
{Heap before GC invocations=15 (full 0):
 garbage-first heap   total 66560K, used 51660K [0x0000000082800000, 0x0000000100000000)
  region size 1024K, 22 young (22528K), 1 survivors (1024K)
 Metaspace       used 41568K, committed 41984K, reserved 1114112K
  class space    used 5966K, committed 6144K, reserved 1048576K
}
Event: 9.009 GC heap after
{Heap after GC invocations=16 (full 0):
 garbage-first heap   total 133120K, used 30888K [0x0000000082800000, 0x0000000100000000)
  region size 1024K, 2 young (2048K), 2 survivors (2048K)
 Metaspace       used 41568K, committed 41984K, reserved 1114112K
  class space    used 5966K, committed 6144K, reserved 1048576K
}
Event: 10.176 GC heap before
{Heap before GC invocations=17 (full 0):
 garbage-first heap   total 112640K, used 94376K [0x0000000082800000, 0x0000000100000000)
  region size 1024K, 64 young (65536K), 2 survivors (2048K)
 Metaspace       used 55227K, committed 55680K, reserved 1114112K
  class space    used 8006K, committed 8192K, reserved 1048576K
}
Event: 10.184 GC heap after
{Heap after GC invocations=18 (full 0):
 garbage-first heap   total 112640K, used 35108K [0x0000000082800000, 0x0000000100000000)
  region size 1024K, 6 young (6144K), 6 survivors (6144K)
 Metaspace       used 55227K, committed 55680K, reserved 1114112K
  class space    used 8006K, committed 8192K, reserved 1048576K
}
Event: 10.217 GC heap before
{Heap before GC invocations=18 (full 0):
 garbage-first heap   total 112640K, used 35108K [0x0000000082800000, 0x0000000100000000)
  region size 1024K, 7 young (7168K), 6 survivors (6144K)
 Metaspace       used 55904K, committed 56384K, reserved 1114112K
  class space    used 8070K, committed 8256K, reserved 1048576K
}
Event: 10.225 GC heap after
{Heap after GC invocations=19 (full 0):
 garbage-first heap   total 112640K, used 35375K [0x0000000082800000, 0x0000000100000000)
  region size 1024K, 1 young (1024K), 1 survivors (1024K)
 Metaspace       used 55904K, committed 56384K, reserved 1114112K
  class space    used 8070K, committed 8256K, reserved 1048576K
}
Event: 11.102 GC heap before
{Heap before GC invocations=19 (full 0):
 garbage-first heap   total 112640K, used 83503K [0x0000000082800000, 0x0000000100000000)
  region size 1024K, 48 young (49152K), 1 survivors (1024K)
 Metaspace       used 62037K, committed 62528K, reserved 1114112K
  class space    used 9074K, committed 9280K, reserved 1048576K
}
Event: 11.107 GC heap after
{Heap after GC invocations=20 (full 0):
 garbage-first heap   total 112640K, used 36668K [0x0000000082800000, 0x0000000100000000)
  region size 1024K, 3 young (3072K), 3 survivors (3072K)
 Metaspace       used 62037K, committed 62528K, reserved 1114112K
  class space    used 9074K, committed 9280K, reserved 1048576K
}
Event: 11.583 GC heap before
{Heap before GC invocations=20 (full 0):
 garbage-first heap   total 112640K, used 84796K [0x0000000082800000, 0x0000000100000000)
  region size 1024K, 50 young (51200K), 3 survivors (3072K)
 Metaspace       used 66202K, committed 66752K, reserved 1114112K
  class space    used 9667K, committed 9920K, reserved 1048576K
}
Event: 11.589 GC heap after
{Heap after GC invocations=21 (full 0):
 garbage-first heap   total 112640K, used 39135K [0x0000000082800000, 0x0000000100000000)
  region size 1024K, 5 young (5120K), 5 survivors (5120K)
 Metaspace       used 66202K, committed 66752K, reserved 1114112K
  class space    used 9667K, committed 9920K, reserved 1048576K
}
Event: 12.283 GC heap before
{Heap before GC invocations=21 (full 0):
 garbage-first heap   total 112640K, used 87263K [0x0000000082800000, 0x0000000100000000)
  region size 1024K, 52 young (53248K), 5 survivors (5120K)
 Metaspace       used 69647K, committed 70208K, reserved 1114112K
  class space    used 10236K, committed 10496K, reserved 1048576K
}
Event: 12.292 GC heap after
{Heap after GC invocations=22 (full 0):
 garbage-first heap   total 112640K, used 42656K [0x0000000082800000, 0x0000000100000000)
  region size 1024K, 6 young (6144K), 6 survivors (6144K)
 Metaspace       used 69647K, committed 70208K, reserved 1114112K
  class space    used 10236K, committed 10496K, reserved 1048576K
}
Event: 12.363 GC heap before
{Heap before GC invocations=22 (full 0):
 garbage-first heap   total 112640K, used 46752K [0x0000000082800000, 0x0000000100000000)
  region size 1024K, 11 young (11264K), 6 survivors (6144K)
 Metaspace       used 70110K, committed 70656K, reserved 1114112K
  class space    used 10299K, committed 10560K, reserved 1048576K
}
Event: 12.373 GC heap after
{Heap after GC invocations=23 (full 0):
 garbage-first heap   total 112640K, used 43003K [0x0000000082800000, 0x0000000100000000)
  region size 1024K, 4 young (4096K), 4 survivors (4096K)
 Metaspace       used 70110K, committed 70656K, reserved 1114112K
  class space    used 10299K, committed 10560K, reserved 1048576K
}
Event: 14.269 GC heap before
{Heap before GC invocations=24 (full 0):
 garbage-first heap   total 112640K, used 90107K [0x0000000082800000, 0x0000000100000000)
  region size 1024K, 50 young (51200K), 4 survivors (4096K)
 Metaspace       used 74360K, committed 74944K, reserved 1114112K
  class space    used 11056K, committed 11328K, reserved 1048576K
}
Event: 14.279 GC heap after
{Heap after GC invocations=25 (full 0):
 garbage-first heap   total 112640K, used 46137K [0x0000000082800000, 0x0000000100000000)
  region size 1024K, 4 young (4096K), 4 survivors (4096K)
 Metaspace       used 74360K, committed 74944K, reserved 1114112K
  class space    used 11056K, committed 11328K, reserved 1048576K
}
Event: 14.317 GC heap before
{Heap before GC invocations=25 (full 0):
 garbage-first heap   total 112640K, used 47161K [0x0000000082800000, 0x0000000100000000)
  region size 1024K, 5 young (5120K), 4 survivors (4096K)
 Metaspace       used 74593K, committed 75264K, reserved 1114112K
  class space    used 11086K, committed 11392K, reserved 1048576K
}
Event: 14.323 GC heap after
{Heap after GC invocations=26 (full 0):
 garbage-first heap   total 112640K, used 46779K [0x0000000082800000, 0x0000000100000000)
  region size 1024K, 1 young (1024K), 1 survivors (1024K)
 Metaspace       used 74593K, committed 75264K, reserved 1114112K
  class space    used 11086K, committed 11392K, reserved 1048576K
}
Event: 437.154 GC heap before
{Heap before GC invocations=26 (full 0):
 garbage-first heap   total 112640K, used 90811K [0x0000000082800000, 0x0000000100000000)
  region size 1024K, 44 young (45056K), 1 survivors (1024K)
 Metaspace       used 78148K, committed 78848K, reserved 1179648K
  class space    used 11549K, committed 11904K, reserved 1048576K
}

